Arguments: 
  /usr/local/Cellar/node/11.14.0_1/bin/node /usr/local/bin/yarn add --dev babel-jest @babel/core @babel/preset-env

PATH: 
  /usr/local/bin:/usr/bin:/bin:/usr/sbin:/sbin

Yarn version: 
  1.16.0

Node version: 
  11.14.0

Platform: 
  darwin x64

Trace: 
  Error: read EHOSTUNREACH
      at TLSWrap.onStreamRead (internal/stream_base_commons.js:167:27)

npm manifest: 
  {
    "name": "angular-tour-of-heroes",
    "version": "0.0.0",
    "scripts": {
      "ng": "ng",
      "start": "ng serve",
      "build": "ng build",
      "test": "jest",
      "lint": "ng lint",
      "e2e": "ng e2e",
      "cy:open": "$(npm bin)/cypress open --browser electron",
      "cy:run": "$(npm bin)/cypress run"
    },
    "jest": {
      "preset": "jest-preset-angular",
      "setupFilesAfterEnv": [
        "<rootDir>/setupJest.ts"
      ],
      "collectCoverage": true,
      "collectCoverageFrom": [
        "src/app/**/*.ts",
        "!**/node_modules/**",
        "!**/vendor/**"
      ]
    },
    "private": true,
    "dependencies": {
      "@angular/animations": "~8.0.0-rc.2",
      "@angular/common": "~8.0.0-rc.2",
      "@angular/compiler": "~8.0.0-rc.2",
      "@angular/core": "~8.0.0-rc.2",
      "@angular/forms": "~8.0.0-rc.2",
      "@angular/platform-browser": "~8.0.0-rc.2",
      "@angular/platform-browser-dynamic": "~8.0.0-rc.2",
      "@angular/router": "~8.0.0-rc.2",
      "core-js": "^2.5.4",
      "moment-timezone": "^0.5.25",
      "rxjs": "~6.5.1",
      "tar": "^4.4.8",
      "tslib": "^1.9.0",
      "zone.js": "~0.9.0"
    },
    "devDependencies": {
      "@angular-builders/jest": "^7.4.2",
      "@angular-devkit/build-angular": "^0.13.9",
      "@angular/cli": "^7.3.8",
      "@angular/compiler-cli": "~8.0.0-rc.2",
      "@angular/language-service": "~8.0.0-rc.2",
      "@types/jasmine": "~2.8.8",
      "@types/jasminewd2": "~2.0.3",
      "@types/jest": "^24.0.13",
      "@types/node": "~8.9.4",
      "codelyzer": "~4.5.0",
      "cypress": "^3.2.0",
      "jasmine-core": "~2.99.1",
      "jasmine-spec-reporter": "~4.2.1",
      "jest": "^24.8.0",
      "jest-preset-angular": "^7.1.1",
      "protractor": "~5.4.0",
      "ts-node": "~7.0.0",
      "tslint": "~5.11.0",
      "typescript": "~3.4.5"
    }
  }

yarn manifest: 
  No manifest

Lockfile: 
  No lockfile
